PRT1
94
207
4 0 18 (0 3072 -384 ) (0 3072 -64 ) (0 3344 -64 ) (0 3344 -384 ) 
4 0 2 (0 3072 -64 ) (0 3072 -384 ) (704 3072 -384 ) (704 3072 -64 ) 
4 0 1 (0 3344 -384 ) (128 3344 -384 ) (128 3072 -384 ) (0 3072 -384 ) 
4 1 18 (0 3072 -397.629639 ) (0 3072 -384 ) (0 3344 -384 ) (0 3344 -397.629639 ) 
3 1 3 (0 3072 -384 ) (0 3072 -397.629639 ) (128 3072 -384 ) 
4 2 19 (0 2768 -384 ) (0 2768 -64 ) (0 3072 -64 ) (0 3072 -384 ) 
4 2 6 (200 2768 -384 ) (248 2768 -384 ) (248 2768 -276 ) (200 2768 -276 ) 
4 2 4 (320 2768 -384 ) (672 2768 -384 ) (672 2768 -192 ) (320 2768 -192 ) 
4 2 3 (128 2768 -384 ) (0 2768 -384 ) (0 3072 -384 ) (128 3072 -384 ) 
4 3 19 (0 2768 -397.629639 ) (0 2768 -384 ) (0 3072 -384 ) (0 3072 -397.629639 ) 
4 5 17 (320 2752 -383.178040 ) (320 2752 -384 ) (672 2752 -384 ) (672 2752 -383.178040 ) 
4 5 14 (320 2752 -288 ) (320 2752 -383.178040 ) (672 2752 -383.178040 ) (672 2752 -288 ) 
4 5 7 (320 2752 -192 ) (320 2752 -288 ) (672 2752 -288 ) (672 2752 -192 ) 
4 6 17 (200 2752 -384 ) (248 2752 -384 ) (248 2752 -383.178040 ) (200 2752 -383.178040 ) 
4 6 14 (248 2752 -383.178040 ) (248 2752 -288 ) (200 2752 -288 ) (200 2752 -383.178040 ) 
4 6 7 (248 2752 -288 ) (248 2752 -276 ) (200 2752 -276 ) (200 2752 -288 ) 
4 7 31 (704 2048 -288 ) (704 2048 -80 ) (128 2048 -80 ) (128 2048 -288 ) 
4 7 16 (704 2323.711426 -288 ) (704 2175.911133 -288 ) (496 2296 -288 ) (560 2406.850098 -288 ) 
4 7 15 (385.148895 2360 -288 ) (346.653473 2382.225342 -288 ) (218.649017 2603.929688 -288 ) (449.148926 2470.850098 -288 ) 
4 7 14 (133.158264 2752 -288 ) (704 2752 -288 ) (704 2323.711426 -288 ) (218.649017 2603.929688 -288 ) 
5 7 13 (704 2175.911133 -288 ) (704 2048 -288 ) (687.426208 2048 -288 ) (632 2144 -288 ) (695.636108 2180.739990 -288 ) 
3 7 12 (521.148071 2080 -288 ) (346.653473 2382.225342 -288 ) (695.636108 2180.739990 -288 ) 
4 7 11 (318.957886 2250.170166 -288 ) (373.128784 2048 -288 ) (240.612915 2048 -288 ) (195.319016 2217.040283 -288 ) 
6 7 10 (128 2468.279785 -288 ) (128 2752 -288 ) (133.158264 2752 -288 ) (228.949371 2586.089355 -288 ) (285.828979 2373.810059 -288 ) (162.190063 2340.679932 -288 ) 
3 7 9 (228.949371 2586.089355 -288 ) (539.623779 2048 -288 ) (373.128784 2048 -288 ) 
3 7 8 (128 2048 -288 ) (128 2468.279785 -288 ) (240.612915 2048 -288 ) 
4 8 33 (240.612915 2048 -288 ) (128 2048 -288 ) (128 2048 -383.178040 ) (240.612915 2048 -383.178040 ) 
3 8 17 (128 2048 -383.178040 ) (128 2468.279785 -383.178040 ) (240.612915 2048 -383.178040 ) 
4 8 11 (240.612183 2048 -383.178040 ) (195.318359 2217.040039 -383.178040 ) (195.318893 2217.040283 -288 ) (240.612762 2048 -288 ) 
4 8 10 (162.189423 2340.679688 -383.178040 ) (128 2468.277344 -383.178040 ) (128 2468.279297 -288 ) (162.189941 2340.679932 -288 ) 
4 9 33 (539.623779 2048 -288 ) (373.128784 2048 -288 ) (373.128784 2048 -383.178040 ) (539.623779 2048 -383.178040 ) 
3 9 17 (228.949371 2586.089355 -383.178040 ) (539.623779 2048 -383.178040 ) (373.128784 2048 -383.178040 ) 
4 9 15 (346.652191 2382.226318 -383.178040 ) (228.949860 2586.087646 -383.178040 ) (228.949677 2586.088379 -288 ) (346.652985 2382.225586 -288 ) 
4 9 12 (521.147156 2080 -383.178040 ) (346.652191 2382.226318 -383.178040 ) (346.652985 2382.225586 -288 ) (521.147766 2080 -288 ) 
4 9 11 (318.957825 2250.170166 -383.178040 ) (373.128693 2048 -383.178040 ) (373.128906 2048 -288 ) (318.957947 2250.170166 -288 ) 
4 9 10 (228.950195 2586.085938 -288 ) (228.950195 2586.085938 -383.178040 ) (285.828918 2373.810059 -383.178040 ) (285.828979 2373.810059 -288 ) 
6 10 17 (128 2468.279785 -383.178040 ) (128 2752 -383.178040 ) (133.158264 2752 -383.178040 ) (228.949371 2586.089355 -383.178040 ) (285.828979 2373.810059 -383.178040 ) (162.190063 2340.679932 -383.178040 ) 
4 10 15 (228.949860 2586.087646 -383.178040 ) (218.648209 2603.930176 -383.178040 ) (218.648697 2603.929688 -288 ) (228.949677 2586.088379 -288 ) 
4 10 14 (218.648209 2603.930176 -383.178040 ) (133.157959 2752 -383.178040 ) (133.157959 2752 -288 ) (218.648697 2603.929688 -288 ) 
4 11 33 (373.128784 2048 -288 ) (240.612915 2048 -288 ) (240.612915 2048 -383.178040 ) (373.128784 2048 -383.178040 ) 
4 11 17 (318.957886 2250.170166 -383.178040 ) (373.128784 2048 -383.178040 ) (240.612915 2048 -383.178040 ) (195.319016 2217.040283 -383.178040 ) 
3 12 17 (521.148071 2080 -383.178040 ) (346.653473 2382.225342 -383.178040 ) (695.636108 2180.739990 -383.178040 ) 
4 12 16 (695.635376 2180.739502 -383.178040 ) (496 2296 -383.178040 ) (496 2296 -288 ) (695.636108 2180.739990 -288 ) 
4 12 15 (385.149017 2360 -383.178040 ) (346.650391 2382.227539 -383.178040 ) (346.650391 2382.227539 -288 ) (385.149048 2360 -288 ) 
4 12 13 (632 2143.998779 -383.178040 ) (695.636719 2180.739258 -383.178040 ) (695.636719 2180.739258 -288 ) (632 2143.998779 -288 ) 
4 13 34 (704 2048 -383.178040 ) (704 2048 -288 ) (687.426208 2048 -288 ) (687.426208 2048 -383.178040 ) 
5 13 17 (704 2175.911133 -383.178040 ) (704 2048 -383.178040 ) (687.426208 2048 -383.178040 ) (632 2144 -383.178040 ) (695.636108 2180.739990 -383.178040 ) 
4 13 16 (704 2175.910156 -383.178040 ) (695.635376 2180.739502 -383.178040 ) (695.636108 2180.739990 -288 ) (704 2175.911133 -288 ) 
4 14 17 (133.158264 2752 -383.178040 ) (704 2752 -383.178040 ) (704 2323.711426 -383.178040 ) (218.649017 2603.929688 -383.178040 ) 
4 14 16 (560 2406.850342 -383.178040 ) (704 2323.711914 -383.178040 ) (704 2323.708984 -288 ) (560 2406.848877 -288 ) 
4 14 15 (218.644531 2603.932617 -288 ) (218.644531 2603.932617 -383.178040 ) (449.149139 2470.850342 -383.178040 ) (449.148529 2470.849365 -288 ) 
4 15 17 (385.148895 2360 -383.178040 ) (346.653473 2382.225342 -383.178040 ) (218.649017 2603.929688 -383.178040 ) (449.148926 2470.850098 -383.178040 ) 
4 16 17 (704 2323.711426 -383.178040 ) (704 2175.911133 -383.178040 ) (496 2296 -383.178040 ) (560 2406.850098 -383.178040 ) 
4 17 35 (704 2048 -384 ) (704 2048 -383.178040 ) (128 2048 -383.178040 ) (128 2048 -384 ) 
4 18 23 (-1024 3072 -506.666687 ) (-1024 3072 -296 ) (-1024 3344 -296 ) (-1024 3344 -506.666718 ) 
4 18 21 (-1024 3072 -296 ) (-1024 3072 -256 ) (-1024 3344 -256 ) (-1024 3344 -296 ) 
4 18 20 (-1024 3072 -256 ) (-1024 3072 -64 ) (-1024 3344 -64 ) (-1024 3344 -256 ) 
4 18 19 (0 3072 -397.629639 ) (0 3072 -64 ) (-1024 3072 -64 ) (-1024 3072 -506.666718 ) 
4 19 29 (-1024 2768 -506.666687 ) (-1024 2768 -296 ) (-1024 3072 -296 ) (-1024 3072 -506.666718 ) 
4 19 27 (-1024 2768 -296 ) (-1024 2768 -256 ) (-1024 3072 -256 ) (-1024 3072 -296 ) 
4 19 26 (-1024 2768 -256 ) (-1024 2768 -64 ) (-1024 3072 -64 ) (-1024 3072 -256 ) 
4 20 26 (-1024 3072 -256 ) (-1024 3072 -64 ) (-1600 3072 -64 ) (-1600 3072 -256 ) 
4 20 21 (-1088 3344 -256 ) (-1024 3344 -256 ) (-1024 3072 -256 ) (-1088 3072 -256 ) 
4 20 22 (-1600 3072 -256 ) (-1600 3344 -256 ) (-1152 3344 -256 ) (-1152 3072 -256 ) 
4 21 27 (-1024 3072 -296 ) (-1024 3072 -256 ) (-1088 3072 -256 ) (-1088 3072 -296 ) 
4 21 23 (-1024 3072 -296 ) (-1088 3072 -296 ) (-1088 3344 -296 ) (-1024 3344 -296 ) 
4 22 28 (-1152 3072 -256 ) (-1600 3072 -256 ) (-1600 3072 -296 ) (-1152 3072 -296 ) 
4 22 25 (-1152 3072 -296 ) (-1600 3072 -296 ) (-1600 3344 -296 ) (-1152 3344 -296 ) 
4 23 29 (-1024 3072 -506.666687 ) (-1024 3072 -296 ) (-1088 3072 -296 ) (-1088 3072 -513.481506 ) 
4 23 24 (-1088 3072 -513.481506 ) (-1088 3072 -296 ) (-1088 3264 -296 ) (-1088 3264 -513.481506 ) 
4 24 25 (-1152 3072 -296 ) (-1152 3264 -296 ) (-1152 3264 -520.296326 ) (-1152 3072 -520.296326 ) 
4 25 30 (-1152 3072 -520.296326 ) (-1152 3072 -296 ) (-1600 3072 -296 ) (-1600 3072 -568 ) 
4 26 27 (-1024 2768 -256 ) (-1088 2768 -256 ) (-1088 3072 -256 ) (-1024 3072 -256 ) 
4 26 28 (-1152 2768 -256 ) (-1600 2768 -256 ) (-1600 3072 -256 ) (-1152 3072 -256 ) 
4 27 29 (-1024 2768 -296 ) (-1088 2768 -296 ) (-1088 3072 -296 ) (-1024 3072 -296 ) 
4 28 30 (-1152 2768 -296 ) (-1600 2768 -296 ) (-1600 3072 -296 ) (-1152 3072 -296 ) 
4 31 36 (600 1800 -276 ) (600 1800 -288 ) (648 1800 -288 ) (648 1800 -276 ) 
4 31 34 (687.426208 2048 -288 ) (704 2048 -288 ) (704 2037.768799 -288 ) (696 2033.150024 -288 ) 
5 31 33 (292.173309 1800 -288 ) (128 1800 -288 ) (128 2048 -288 ) (539.623779 2048 -288 ) (585.149048 1969.150024 -288 ) 
3 31 32 (704 1800 -288 ) (292.173309 1800 -288 ) (704 2037.768799 -288 ) 
4 32 36 (648 1800 -288 ) (600 1800 -288 ) (600 1800 -383.178040 ) (648 1800 -383.178040 ) 
4 32 34 (704 2037.767578 -383.178040 ) (696 2033.149048 -383.178040 ) (696 2033.150391 -288 ) (704 2037.769287 -288 ) 
4 32 33 (585.149597 1969.149048 -383.178040 ) (292.175781 1800 -383.178040 ) (292.172363 1800 -288 ) (585.148865 1969.150391 -288 ) 
3 32 35 (704 1800 -383.178040 ) (292.173309 1800 -383.178040 ) (704 2037.768799 -383.178040 ) 
5 33 35 (292.173309 1800 -383.178040 ) (128 1800 -383.178040 ) (128 2048 -383.178040 ) (539.623779 2048 -383.178040 ) (585.149048 1969.150024 -383.178040 ) 
4 34 35 (687.426208 2048 -383.178040 ) (704 2048 -383.178040 ) (704 2037.768799 -383.178040 ) (696 2033.150024 -383.178040 ) 
4 35 36 (648 1800 -383.178040 ) (600 1800 -383.178040 ) (600 1800 -384 ) (648 1800 -384 ) 
4 36 44 (600 1792 -352 ) (600 1792 -384 ) (648 1792 -384 ) (648 1792 -352 ) 
4 36 39 (600 1792 -296 ) (600 1792 -352 ) (648 1792 -352 ) (648 1792 -296 ) 
4 36 38 (600 1792 -276 ) (600 1792 -296 ) (648 1792 -296 ) (648 1792 -276 ) 
4 37 51 (288 1752 -256 ) (288 1704 -256 ) (288 1704 -148 ) (288 1752 -148 ) 
4 37 50 (288 1792 128 ) (288 1792 -128 ) (288 1536 -128 ) (288 1536 128 ) 
4 37 46 (568 1536 -256 ) (592 1536 -256 ) (592 1536 128 ) (568 1536 128 ) 
4 37 45 (592 1536 -256 ) (704 1536 -256 ) (704 1536 128 ) (592 1536 128 ) 
4 37 49 (288 1536 128 ) (288 1536 -256 ) (568 1536 -256 ) (568 1536 128 ) 
4 38 52 (288 1752 -296 ) (288 1704 -296 ) (288 1704 -276 ) (288 1752 -276 ) 
4 38 43 (288 1552 -296 ) (288 1792 -296 ) (328 1792 -296 ) (328 1552 -296 ) 
4 38 40 (328 1792 -296 ) (472 1792 -296 ) (472 1552 -296 ) (328 1552 -296 ) 
4 38 39 (472 1792 -296 ) (704 1792 -296 ) (704 1552 -296 ) (472 1552 -296 ) 
4 39 44 (472 1552 -352 ) (472 1792 -352 ) (704 1792 -352 ) (704 1552 -352 ) 
4 39 40 (472 1792 -352 ) (472 1552 -352 ) (472 1552 -296 ) (472 1792 -296 ) 
4 40 44 (328 1552 -352 ) (328 1792 -352 ) (472 1792 -352 ) (472 1552 -352 ) 
4 40 43 (328 1792 -352 ) (328 1552 -352 ) (328 1552 -296 ) (328 1792 -296 ) 
4 40 41 (328 1545 -296 ) (328 1545 -352 ) (472 1545 -352 ) (472 1545 -296 ) 
4 41 42 (328 1543 -296 ) (328 1543 -352 ) (472 1543 -352 ) (472 1543 -296 ) 
4 42 49 (328 1536 -352 ) (472 1536 -352 ) (472 1536 -296 ) (328 1536 -296 ) 
4 43 52 (288 1752 -352 ) (288 1704 -352 ) (288 1704 -296 ) (288 1752 -296 ) 
4 43 44 (288 1552 -352 ) (288 1792 -352 ) (328 1792 -352 ) (328 1552 -352 ) 
4 44 52 (288 1752 -384 ) (288 1704 -384 ) (288 1704 -352 ) (288 1752 -352 ) 
4 45 59 (704 1024 -384 ) (704 1024 128 ) (592 1024 128 ) (592 1024 -384 ) 
4 45 47 (592 1536 -384 ) (592 1535 -384 ) (592 1535 -256 ) (592 1536 -256 ) 
4 45 46 (592 1535 -256 ) (592 1535 128 ) (592 1536 128 ) (592 1536 -256 ) 
4 45 48 (592 1535 -384 ) (592 1024 -384 ) (592 1024 128 ) (592 1535 128 ) 
4 46 48 (568 1535 128 ) (568 1535 -256 ) (592 1535 -256 ) (592 1535 128 ) 
4 46 49 (568 1535 -256 ) (568 1535 128 ) (568 1536 128 ) (568 1536 -256 ) 
4 46 47 (592 1535 -256 ) (568 1535 -256 ) (568 1536 -256 ) (592 1536 -256 ) 
4 47 48 (568 1535 -256 ) (568 1535 -384 ) (592 1535 -384 ) (592 1535 -256 ) 
4 47 49 (568 1536 -384 ) (568 1535 -384 ) (568 1535 -256 ) (568 1536 -256 ) 
4 48 59 (592 1024 128 ) (568 1024 128 ) (568 1024 -384 ) (592 1024 -384 ) 
4 48 49 (568 1535 -384 ) (568 1024 -384 ) (568 1024 128 ) (568 1535 128 ) 
4 49 60 (448 1024 128 ) (288 1024 128 ) (288 1024 -384 ) (448 1024 -384 ) 
4 49 59 (568 1024 128 ) (448 1024 128 ) (448 1024 -384 ) (568 1024 -384 ) 
4 49 54 (288 1024 -384 ) (288 1024 -128 ) (288 1344 -128 ) (288 1344 -384 ) 
4 49 50 (288 1024 -128 ) (288 1024 128 ) (288 1536 128 ) (288 1536 -128 ) 
4 50 79 (0 1344 128 ) (0 1360 128 ) (0 1360 -128 ) (0 1344 -128 ) 
4 50 80 (0 1024 -128 ) (0 1024 128 ) (0 1344 128 ) (0 1344 -128 ) 
4 50 72 (0 1360 128 ) (0 1792 128 ) (0 1792 -128 ) (0 1360 -128 ) 
4 50 60 (0 1024 128 ) (0 1024 -128 ) (288 1024 -128 ) (288 1024 128 ) 
4 50 55 (0 1024 -128 ) (0 1344 -128 ) (256 1344 -128 ) (256 1024 -128 ) 
4 50 54 (288 1344 -128 ) (288 1024 -128 ) (256 1024 -128 ) (256 1344 -128 ) 
4 51 53 (272 1704 -256 ) (272 1704 -148 ) (272 1752 -148 ) (272 1752 -256 ) 
4 52 53 (272 1752 -384 ) (272 1704 -384 ) (272 1704 -276 ) (272 1752 -276 ) 
4 53 73 (0 1792 -144 ) (0 1792 -384 ) (0 1360 -384 ) (0 1360 -144 ) 
4 53 56 (0 1360 -384 ) (256 1360 -384 ) (256 1360 -192 ) (0 1360 -192 ) 
4 54 60 (256 1024 -384 ) (288 1024 -384 ) (288 1024 -128 ) (256 1024 -128 ) 
4 54 58 (256 1344 -384 ) (256 1024 -384 ) (256 1024 -192 ) (256 1344 -192 ) 
4 54 55 (256 1024 -192 ) (256 1024 -128 ) (256 1344 -128 ) (256 1344 -192 ) 
4 55 80 (0 1024 -192 ) (0 1024 -128 ) (0 1344 -128 ) (0 1344 -192 ) 
4 55 60 (0 1024 -128 ) (0 1024 -192 ) (256 1024 -192 ) (256 1024 -128 ) 
4 55 58 (0 1024 -192 ) (0 1344 -192 ) (256 1344 -192 ) (256 1024 -192 ) 
4 56 81 (0 1356 -192 ) (0 1360 -192 ) (0 1360 -384 ) (0 1356 -384 ) 
4 57 82 (0 1344 -192 ) (0 1348 -192 ) (0 1348 -384 ) (0 1344 -384 ) 
4 57 58 (0 1344 -384 ) (256 1344 -384 ) (256 1344 -192 ) (0 1344 -192 ) 
4 58 83 (0 1024 -384 ) (0 1024 -192 ) (0 1344 -192 ) (0 1344 -384 ) 
4 58 60 (0 1024 -192 ) (0 1024 -384 ) (256 1024 -384 ) (256 1024 -192 ) 
4 59 60 (448 1024 -384 ) (448 960 -384 ) (448 960 128 ) (448 1024 128 ) 
4 60 86 (0 960 128 ) (0 1024 128 ) (0 1024 -384 ) (0 960 -384 ) 
4 60 61 (448 960 -64 ) (448 960 128 ) (0 960 128 ) (0 960 -64 ) 
4 61 91 (0 712 -64 ) (0 712 128 ) (0 960 128 ) (0 960 -64 ) 
4 61 62 (192 712 -64 ) (320 712 -64 ) (320 712 64 ) (192 712 64 ) 
4 62 63 (320 704 64 ) (192 704 64 ) (192 704 -64 ) (320 704 -64 ) 
4 63 64 (392 128 0 ) (392 128 192 ) (136 128 192 ) (136 128 0 ) 
4 64 68 (392 0 0 ) (392 0 192 ) (136 0 192 ) (136 0 0 ) 
4 64 66 (136 64 0 ) (136 0 0 ) (136 0 128 ) (136 64 128 ) 
4 65 92 (0 64 192 ) (0 128 192 ) (0 128 0 ) (0 64 0 ) 
4 65 67 (0 64 0 ) (128 64 0 ) (128 64 192 ) (0 64 192 ) 
4 66 69 (136 0 0 ) (136 0 128 ) (128 0 128 ) (128 0 0 ) 
4 66 67 (128 64 128 ) (128 64 0 ) (128 0 0 ) (128 0 128 ) 
4 67 92 (0 0 0 ) (0 0 192 ) (0 64 192 ) (0 64 0 ) 
4 67 70 (128 0 192 ) (0 0 192 ) (0 0 0 ) (128 0 0 ) 
4 68 69 (136 0 128 ) (136 0 0 ) (136 -64 0 ) (136 -64 128 ) 
4 69 70 (128 0 0 ) (128 -64 0 ) (128 -64 128 ) (128 0 128 ) 
4 70 93 (0 -64 192 ) (0 0 192 ) (0 0 0 ) (0 -64 0 ) 
4 70 71 (0 -64 0 ) (128 -64 0 ) (128 -64 192 ) (0 -64 192 ) 
4 71 93 (0 -128 0 ) (0 -128 192 ) (0 -64 192 ) (0 -64 0 ) 
4 72 84 (-128 1360 128 ) (-128 1360 -128 ) (-96 1360 -128 ) (-96 1360 128 ) 
4 72 79 (-96 1360 -128 ) (0 1360 -128 ) (0 1360 128 ) (-96 1360 128 ) 
4 73 81 (-96 1360 -384 ) (0 1360 -384 ) (0 1360 -192 ) (-96 1360 -192 ) 
4 73 76 (-127 1616 -383 ) (-127 1616 -232.128021 ) (-127 1640 -232.128021 ) (-127 1640 -383 ) 
4 73 75 (-127 1616 -232.128021 ) (-127 1616 -144 ) (-127 1640 -144 ) (-127 1640 -232.128021 ) 
4 73 77 (-127 1640 -384 ) (-127 1616 -384 ) (-127 1616 -383 ) (-127 1640 -383 ) 
4 73 74 (-127 1792 -384 ) (-127 1640 -384 ) (-127 1640 -144 ) (-127 1792 -144 ) 
4 73 78 (-127 1616 -384 ) (-127 1360 -384 ) (-127 1360 -144 ) (-127 1616 -144 ) 
4 74 76 (-127 1640 -383 ) (-127 1640 -232.128021 ) (-128 1640 -232.128021 ) (-128 1640 -383 ) 
4 74 75 (-127 1640 -232.128021 ) (-127 1640 -144 ) (-128 1640 -144 ) (-128 1640 -232.128021 ) 
4 74 77 (-128 1640 -384 ) (-127 1640 -384 ) (-127 1640 -383 ) (-128 1640 -383 ) 
4 75 78 (-127 1616 -232.128021 ) (-127 1616 -144 ) (-128 1616 -144 ) (-128 1616 -232.128021 ) 
4 75 76 (-127 1616 -232.128021 ) (-128 1616 -232.128021 ) (-128 1640 -232.128021 ) (-127 1640 -232.128021 ) 
4 76 77 (-127 1616 -383 ) (-128 1616 -383 ) (-128 1640 -383 ) (-127 1640 -383 ) 
4 76 78 (-127 1616 -383 ) (-127 1616 -232.128021 ) (-128 1616 -232.128021 ) (-128 1616 -383 ) 
4 77 78 (-128 1616 -384 ) (-127 1616 -384 ) (-127 1616 -383 ) (-128 1616 -383 ) 
4 79 84 (-96 1360 128 ) (-96 1360 -128 ) (-96 1344 -128 ) (-96 1344 128 ) 
4 79 80 (0 1344 -128 ) (0 1344 128 ) (-96 1344 128 ) (-96 1344 -128 ) 
4 80 86 (0 1024 -192 ) (0 1024 128 ) (-96 1024 128 ) (-96 1024 -192 ) 
4 80 85 (-96 1344 -192 ) (-96 1024 -192 ) (-96 1024 -128 ) (-96 1344 -128 ) 
4 80 84 (-96 1024 -128 ) (-96 1024 128 ) (-96 1344 128 ) (-96 1344 -128 ) 
4 80 83 (0 1024 -192 ) (-96 1024 -192 ) (-96 1344 -192 ) (0 1344 -192 ) 
4 82 83 (0 1344 -192 ) (-96 1344 -192 ) (-96 1344 -384 ) (0 1344 -384 ) 
4 83 86 (0 1024 -384 ) (0 1024 -192 ) (-96 1024 -192 ) (-96 1024 -384 ) 
4 83 85 (-96 1344 -384 ) (-96 1024 -384 ) (-96 1024 -192 ) (-96 1344 -192 ) 
4 84 87 (-128 1024 128 ) (-128 1024 -128 ) (-127 1024 -128 ) (-127 1024 128 ) 
4 84 86 (-127 1024 -128 ) (-96 1024 -128 ) (-96 1024 128 ) (-127 1024 128 ) 
4 84 85 (-128 1024 -128 ) (-128 1344 -128 ) (-96 1344 -128 ) (-96 1024 -128 ) 
4 85 87 (-128 1024 -128 ) (-128 1024 -384 ) (-127 1024 -384 ) (-127 1024 -128 ) 
4 85 86 (-127 1024 -384 ) (-96 1024 -384 ) (-96 1024 -128 ) (-127 1024 -128 ) 
4 86 91 (0 960 -64 ) (0 960 128 ) (-127 960 128 ) (-127 960 -64 ) 
4 86 89 (-127 1008 -384 ) (-127 984 -384 ) (-127 984 21 ) (-127 1008 21 ) 
4 86 88 (-127 984 21 ) (-127 984 128 ) (-127 1008 128 ) (-127 1008 21 ) 
4 86 87 (-127 1024 -384 ) (-127 1008 -384 ) (-127 1008 128 ) (-127 1024 128 ) 
4 86 90 (-127 984 -384 ) (-127 960 -384 ) (-127 960 128 ) (-127 984 128 ) 
4 87 89 (-128 1008 -384 ) (-127 1008 -384 ) (-127 1008 21 ) (-128 1008 21 ) 
4 87 88 (-127 1008 21 ) (-127 1008 128 ) (-128 1008 128 ) (-128 1008 21 ) 
4 88 90 (-127 984 21 ) (-127 984 128 ) (-128 984 128 ) (-128 984 21 ) 
4 88 89 (-127 984 21 ) (-128 984 21 ) (-128 1008 21 ) (-127 1008 21 ) 
4 89 90 (-128 984 -384 ) (-127 984 -384 ) (-127 984 21 ) (-128 984 21 ) 
4 90 91 (-127 960 -64 ) (-127 960 128 ) (-128 960 128 ) (-128 960 -64 ) 
4 92 93 (0 0 0 ) (0 0 192 ) (-128 0 192 ) (-128 0 0 ) 
